downloaderpro/build/intermediates/manifest_merge_blame_file/debug/manifest-merger-blame-debug-report.txt
1<?xml version="1.0" encoding="utf-8"?>
2<manifest xmlns:android="http://schemas.android.com/apk/res/android"
3    package="com.downloaderpro.mrpro" >
4
5    <uses-sdk android:minSdkVersion="21" />
5-->src/main/AndroidManifest.xml
6
7    <application
7-->src/main/AndroidManifest.xml:4:5-6:19
8        android:allowBackup="true"
8-->src/main/AndroidManifest.xml:4:18-44
9        android:label="@string/app_name" >
9-->src/main/AndroidManifest.xml:4:45-77
10    </application>
11
12</manifest>